16.03.2021 22:32:45	This log contains information about the import schema operation into project 'WD.SQLServer' on computer 'DESKTOP-1SNT71L' by user 'Jakub Jachowicz'.
16.03.2021 22:32:46	Import of database schema has started.
16.03.2021 22:32:52	Gathering database credentials
16.03.2021 22:32:52	Gathering database options
16.03.2021 22:32:52	Gathering generic database scoped configuration option
16.03.2021 22:32:52	Gathering users
16.03.2021 22:32:52	Gathering roles
16.03.2021 22:32:52	Gathering application roles
16.03.2021 22:32:52	Gathering role memberships
16.03.2021 22:32:52	Gathering filegroups
16.03.2021 22:32:52	Gathering full-text catalogs
16.03.2021 22:32:52	Gathering assemblies
16.03.2021 22:32:52	Gathering certificates
16.03.2021 22:32:52	Gathering asymmetric keys
16.03.2021 22:32:52	Gathering symmetric keys
16.03.2021 22:32:52	Gathering encrypted symmetric keys
16.03.2021 22:32:52	Gathering schemas
16.03.2021 22:32:52	Gathering XML schema collections
16.03.2021 22:32:52	Gathering user-defined data types
16.03.2021 22:32:52	Gathering user-defined types
16.03.2021 22:32:52	Gathering table types
16.03.2021 22:32:52	Gathering unique keys for table types
16.03.2021 22:32:52	Gathering primary keys for table types
16.03.2021 22:32:52	Gathering indexes for table types
16.03.2021 22:32:52	Gathering check constraints for table types
16.03.2021 22:32:52	Gathering default constraints for table types
16.03.2021 22:32:52	Gathering partition functions
16.03.2021 22:32:52	Gathering partition schemes
16.03.2021 22:32:52	Gathering functions
16.03.2021 22:32:52	Gathering encrypted functions
16.03.2021 22:32:52	Gathering aggregates
16.03.2021 22:32:52	Gathering procedures
16.03.2021 22:32:52	Gathering encrypted procedures
16.03.2021 22:32:52	Gathering tables
16.03.2021 22:32:52	Gathering primary keys
16.03.2021 22:32:52	Gathering unique constraints
16.03.2021 22:32:52	Gathering foreign keys
16.03.2021 22:32:52	Gathering default constraints
16.03.2021 22:32:52	Gathering check constraints
16.03.2021 22:32:52	Gathering views
16.03.2021 22:32:52	Gathering encrypted views
16.03.2021 22:32:52	Gathering indexes
16.03.2021 22:32:52	Gathering statistics
16.03.2021 22:32:52	Gathering full-text index stoplists
16.03.2021 22:32:52	Gathering search property lists
16.03.2021 22:32:52	Gathering search properties
16.03.2021 22:32:52	Gathering full-text indexes
16.03.2021 22:32:52	Gathering column store indexes
16.03.2021 22:32:52	Gathering spatial indexes
16.03.2021 22:32:52	Gathering XML indexes
16.03.2021 22:32:52	Gathering Selective XML indexes
16.03.2021 22:32:52	Gathering encrypted triggers
16.03.2021 22:32:52	Gathering triggers
16.03.2021 22:32:52	Gathering encrypted and clr ddl triggers
16.03.2021 22:32:52	Gathering ddl triggers
16.03.2021 22:32:52	Creating edge constraints
16.03.2021 22:32:52	Gathering synonyms
16.03.2021 22:32:52	Gathering defaults
16.03.2021 22:32:52	Gathering data constraint uddt bindings
16.03.2021 22:32:52	Gathering rules
16.03.2021 22:32:52	Gathering data constraint uddt bindings
16.03.2021 22:32:52	Gathering message types
16.03.2021 22:32:52	Gathering queues
16.03.2021 22:32:52	Gathering contracts
16.03.2021 22:32:52	Gathering services
16.03.2021 22:32:52	Gathering event notifications
16.03.2021 22:32:52	Gathering remote service bindings
16.03.2021 22:32:52	Gathering broker priorities
16.03.2021 22:32:52	Gathering signatures
16.03.2021 22:32:52	Gathering data compression options
16.03.2021 22:32:52	Gathering sequence types
16.03.2021 22:32:52	Gathering security policies
16.03.2021 22:32:52	Gather column encryption keys
16.03.2021 22:32:52	Gathering column master keys
16.03.2021 22:32:52	Gathering external data sources
16.03.2021 22:32:52	Gathering external file formats
16.03.2021 22:32:52	Gathering external tables
16.03.2021 22:32:52	Gathering database permissions
16.03.2021 22:32:52	Gathering extended properties
16.03.2021 22:32:53	Gathering credentials
16.03.2021 22:32:53	Gathering logins
16.03.2021 22:32:53	Gathering server audits
16.03.2021 22:32:54	Scanning project for duplicate elements
16.03.2021 22:32:54	Finished duplicate element processing
16.03.2021 22:32:54	Finished importing database.
16.03.2021 22:32:54	A summary of the import was saved to the following location: C:\Users\Jakub Jachowicz\source\repos\WD\WD.SQLServer\Import Schema Logs\WD.SQLServer_20210316093245.log
16.03.2021 22:32:54	Click Finish to continue...
